<?xml version="1.0" encoding="UTF-8"?>
<!-- Generated by org.testng.reporters.JUnitReportReporter -->
<testsuite skipped="0" hostname="Nagarjuna-Y" name="google.DynamicGoogleSearch" tests="1" failures="0" timestamp="15 Feb 2019 05:01:00 GMT" time="4.691" errors="0">
  <testcase name="Google" time="4.691" classname="google.DynamicGoogleSearch"/>
</testsuite> <!-- google.DynamicGoogleSearch -->
