<?xml version="1.0" encoding="UTF-8"?>
<!-- Generated by org.testng.reporters.JUnitReportReporter -->
<testsuite hostname="Nagarjuna-Y" failures="0" tests="1" name="google.Screenshot" time="24.014" errors="0" timestamp="23 Mar 2018 12:22:34 GMT" skipped="0">
  <testcase classname="google.Screenshot" name="Screenshots" time="24.014"/>
</testsuite> <!-- google.Screenshot -->
