<?xml version="1.0" encoding="UTF-8"?>
<!-- Generated by org.testng.reporters.JUnitReportReporter -->
<testsuite skipped="0" hostname="Nagarjuna-Y" name="google.Dynamic_WebTables" tests="1" failures="0" timestamp="22 Mar 2019 08:05:48 GMT" time="3.609" errors="0">
  <testcase name="Google" time="3.609" classname="google.Dynamic_WebTables"/>
</testsuite> <!-- google.Dynamic_WebTables -->
