<?xml version="1.0" encoding="UTF-8"?>
<!-- Generated by org.testng.reporters.JUnitReportReporter -->
<testsuite skipped="0" hostname="Nagarjuna-Y" name="google.DynamicGoogleSearch" tests="1" failures="0" timestamp="27 Mar 2019 12:36:06 GMT" time="8.339" errors="0">
  <testcase name="Google" time="8.339" classname="google.DynamicGoogleSearch"/>
</testsuite> <!-- google.DynamicGoogleSearch -->
