<?xml version="1.0" encoding="UTF-8"?>
<!-- Generated by org.testng.reporters.JUnitReportReporter -->
<testsuite skipped="0" hostname="Nagarjuna-Y" name="google.DragAndDrop" tests="1" failures="0" timestamp="13 Jul 2018 10:31:32 GMT" time="0.317" errors="0">
  <testcase name="dragAndDrop" time="0.317" classname="google.DragAndDrop"/>
</testsuite> <!-- google.DragAndDrop -->
